[    0.000000] Initializing cgroup subsys cpuset
[    0.000000] Initializing cgroup subsys cpu
[    0.000000] Initializing cgroup subsys cpuacct
[    0.000000] Linux version 4.4.0-92-generic (buildd@lcy01-17) (gcc version 5.4.0 20160609 (Ubuntu 5.4.0-6ubuntu1~16.04.4) ) #115-Ubuntu SMP Thu Aug 10 09:04:33 UTC 2017 (Ubuntu 4.4.0-92.115-generic 4.4.76)
[    0.000000] Command line: BOOT_IMAGE=/boot/vmlinuz-4.4.0-92-generic root=LABEL=cloudimg-rootfs ro console=tty1 console=ttyS0
[    0.000000] KERNEL supported cpus:
[    0.000000]   Intel GenuineIntel
[    0.000000]   AMD AuthenticAMD
[    0.000000]   Centaur CentaurHauls
[    0.000000] x86/fpu: xstate_offset[2]:  576, xstate_sizes[2]:  256
[    0.000000] x86/fpu: Supporting XSAVE feature 0x01: 'x87 floating point registers'
[    0.000000] x86/fpu: Supporting XSAVE feature 0x02: 'SSE registers'
[    0.000000] x86/fpu: Supporting XSAVE feature 0x04: 'AVX registers'
[    0.000000] x86/fpu: Enabled xstate features 0x7, context size is 832 bytes, using 'standard' format.
[    0.000000] x86/fpu: Using 'lazy' FPU context switches.
[    0.000000] e820: BIOS-provided physical RAM map:
[    0.000000] BIOS-e820: [mem 0x0000000000000000-0x000000000009fbff] usable
[    0.000000] BIOS-e820: [mem 0x000000000009fc00-0x000000000009ffff] reserved
[    0.000000] BIOS-e820: [mem 0x00000000000f0000-0x00000000000fffff] reserved
[    0.000000] BIOS-e820: [mem 0x0000000000100000-0x000000007ffeffff] usable
[    0.000000] BIOS-e820: [mem 0x000000007fff0000-0x000000007fffffff] ACPI data
[    0.000000] BIOS-e820: [mem 0x00000000fec00000-0x00000000fec00fff] reserved
[    0.000000] BIOS-e820: [mem 0x00000000fee00000-0x00000000fee00fff] reserved
[    0.000000] BIOS-e820: [mem 0x00000000fffc0000-0x00000000ffffffff] reserved
[    0.000000] NX (Execute Disable) protection: active
[    0.000000] SMBIOS 2.5 present.
[    0.000000] Hypervisor detected: KVM
[    0.000000] e820: last_pfn = 0x7fff0 max_arch_pfn = 0x400000000
[    0.000000] MTRR: Disabled
[    0.000000] x86/PAT: MTRRs disabled, skipping PAT initialization too.
[    0.000000] x86/PAT: Configuration [0-7]: WB  WT  UC- UC  WB  WT  UC- UC  
[    0.000000] CPU MTRRs all blank - virtualized system.
[    0.000000] found SMP MP-table at [mem 0x0009fff0-0x0009ffff] mapped at [ffff88000009fff0]
[    0.000000] Scanning 1 areas for low memory corruption
[    0.000000] RAMDISK: [mem 0x36aca000-0x3755cfff]
[    0.000000] ACPI: Early table checksum verification disabled
[    0.000000] ACPI: RSDP 0x00000000000E0000 000024 (v02 VBOX  )
[    0.000000] ACPI: XSDT 0x000000007FFF0030 00003C (v01 VBOX   VBOXXSDT 00000001 ASL  00000061)
[    0.000000] ACPI: FACP 0x000000007FFF00F0 0000F4 (v04 VBOX   VBOXFACP 00000001 ASL  00000061)
[    0.000000] ACPI: DSDT 0x000000007FFF0470 0021C8 (v02 VBOX   VBOXBIOS 00000002 INTL 20100528)
[    0.000000] ACPI: FACS 0x000000007FFF0200 000040
[    0.000000] ACPI: FACS 0x000000007FFF0200 000040
[    0.000000] ACPI: APIC 0x000000007FFF0240 00005C (v02 VBOX   VBOXAPIC 00000001 ASL  00000061)
[    0.000000] ACPI: SSDT 0x000000007FFF02A0 0001CC (v01 VBOX   VBOXCPUT 00000002 INTL 20100528)
[    0.000000] No NUMA configuration found
[    0.000000] Faking a node at [mem 0x0000000000000000-0x000000007ffeffff]
[    0.000000] NODE_DATA(0) allocated [mem 0x7ffeb000-0x7ffeffff]
[    0.000000] kvm-clock: Using msrs 4b564d01 and 4b564d00
[    0.000000] kvm-clock: cpu 0, msr 0:7ffe3001, primary cpu clock
[    0.000000] kvm-clock: using sched offset of 3192117206 cycles
[    0.000000] clocksource: kvm-clock: mask: 0xffffffffffffffff max_cycles: 0x1cd42e4dffb, max_idle_ns: 881590591483 ns
[    0.000000] Zone ranges:
[    0.000000]   DMA      [mem 0x0000000000001000-0x0000000000ffffff]
[    0.000000]   DMA32    [mem 0x0000000001000000-0x000000007ffeffff]
[    0.000000]   Normal   empty
[    0.000000]   Device   empty
[    0.000000] Movable zone start for each node
[    0.000000] Early memory node ranges
[    0.000000]   node   0: [mem 0x0000000000001000-0x000000000009efff]
[    0.000000]   node   0: [mem 0x0000000000100000-0x000000007ffeffff]
[    0.000000] Initmem setup node 0 [mem 0x0000000000001000-0x000000007ffeffff]
[    0.000000] ACPI: PM-Timer IO Port: 0x4008
[    0.000000] IOAPIC[0]: apic_id 2, version 32, address 0xfec00000, GSI 0-23
[    0.000000] ACPI: INT_SRC_OVR (bus 0 bus_irq 0 global_irq 2 dfl dfl)
[    0.000000] ACPI: INT_SRC_OVR (bus 0 bus_irq 9 global_irq 9 high level)
[    0.000000] Using ACPI (MADT) for SMP configuration information
[    0.000000] smpboot: Allowing 2 CPUs, 0 hotplug CPUs
[    0.000000] PM: Registered nosave memory: [mem 0x00000000-0x00000fff]
[    0.000000] PM: Registered nosave memory: [mem 0x0009f000-0x0009ffff]
[    0.000000] PM: Registered nosave memory: [mem 0x000a0000-0x000effff]
[    0.000000] PM: Registered nosave memory: [mem 0x000f0000-0x000fffff]
[    0.000000] e820: [mem 0x80000000-0xfebfffff] available for PCI devices
[    0.000000] Booting paravirtualized kernel on KVM
[    0.000000] clocksource: refined-jiffies: mask: 0xffffffff max_cycles: 0xffffffff, max_idle_ns: 7645519600211568 ns
[    0.000000] setup_percpu: NR_CPUS:512 nr_cpumask_bits:512 nr_cpu_ids:2 nr_node_ids:1
[    0.000000] PERCPU: Embedded 33 pages/cpu @ffff88007fc00000 s98264 r8192 d28712 u1048576
[    0.000000] PV qspinlock hash table entries: 256 (order: 0, 4096 bytes)
[    0.000000] Built 1 zonelists in Node order, mobility grouping on.  Total pages: 515961
[    0.000000] Policy zone: DMA32
[    0.000000] Kernel command line: BOOT_IMAGE=/boot/vmlinuz-4.4.0-92-generic root=LABEL=cloudimg-rootfs ro console=tty1 console=ttyS0
[    0.000000] PID hash table entries: 4096 (order: 3, 32768 bytes)
[    0.000000] Memory: 2033940K/2096696K available (8474K kernel code, 1294K rwdata, 3984K rodata, 1488K init, 1316K bss, 62756K reserved, 0K cma-reserved)
[    0.000000] SLUB: HWalign=64, Order=0-3, MinObjects=0, CPUs=2, Nodes=1
[    0.000000] Hierarchical RCU implementation.
[    0.000000] 	Build-time adjustment of leaf fanout to 64.
[    0.000000] 	RCU restricting CPUs from NR_CPUS=512 to nr_cpu_ids=2.
[    0.000000] RCU: Adjusting geometry for rcu_fanout_leaf=64, nr_cpu_ids=2
[    0.000000] NR_IRQS:33024 nr_irqs:440 16
[    0.000000] Console: colour VGA+ 80x25
[    0.000000] console [tty1] enabled
[    0.000000] console [ttyS0] enabled
[    0.000000] tsc: Detected 3990.762 MHz processor
[    7.417387] Calibrating delay loop (skipped) preset value.. 7981.52 BogoMIPS (lpj=15963048)
[    7.418525] pid_max: default: 32768 minimum: 301
[    7.419151] ACPI: Core revision 20150930
[    7.420345] ACPI: 2 ACPI AML tables successfully acquired and loaded
[    7.499204] Security Framework initialized
[    7.562890] Yama: becoming mindful.
[    7.602196] AppArmor: AppArmor initialized
[    7.614046] Dentry cache hash table entries: 262144 (order: 9, 2097152 bytes)
[    7.742349] Inode-cache hash table entries: 131072 (order: 8, 1048576 bytes)
[    7.823831] Mount-cache hash table entries: 4096 (order: 3, 32768 bytes)
[    7.888477] Mountpoint-cache hash table entries: 4096 (order: 3, 32768 bytes)
[    8.014174] Initializing cgroup subsys io
[    8.099311] Initializing cgroup subsys memory
[    8.163190] Initializing cgroup subsys devices
[    8.238289] Initializing cgroup subsys freezer
[    8.297416] Initializing cgroup subsys net_cls
[    8.390863] Initializing cgroup subsys perf_event
[    8.482936] Initializing cgroup subsys net_prio
[    8.561029] Initializing cgroup subsys hugetlb
[    8.632790] Initializing cgroup subsys pids
[    8.648529] CPU: Physical Processor ID: 0
[    8.683986] CPU: Processor Core ID: 0
[    8.685176] mce: CPU supports 0 MCE banks
[    8.685739] Last level iTLB entries: 4KB 1024, 2MB 1024, 4MB 1024
[    8.686447] Last level dTLB entries: 4KB 1024, 2MB 1024, 4MB 1024, 1GB 4
[    8.688508] Freeing SMP alternatives memory: 32K (ffffffff820b9000 - ffffffff820c1000)
[    8.695841] ftrace: allocating 32131 entries in 126 pages
[    8.809448] smpboot: APIC(0) Converting physical 0 to logical package 0
[    8.918831] smpboot: Max logical packages: 1
[    8.944926] x2apic enabled
[    8.977509] Switched APIC routing to physical x2apic.
[    9.033689] ..TIMER: vector=0x30 apic1=0 pin1=2 apic2=-1 pin2=-1
[    9.255088] smpboot: CPU0: Intel(R) Core(TM) i7-4790K CPU @ 4.00GHz (family: 0x6, model: 0x3c, stepping: 0x3)
[    9.425936] Performance Events: unsupported p6 CPU model 60 no PMU driver, software events only.
[    9.475868] KVM setup paravirtual spinlock
[    9.478282] x86: Booting SMP configuration:
[    9.509699] .... node  #0, CPUs:      #1
[    9.544024] kvm-clock: cpu 1, msr 0:7ffe3041, secondary cpu clock
[    9.655707] mce: CPU supports 0 MCE banks
[    9.680583] x86: Booted up 1 node, 2 CPUs
[    9.729152] smpboot: Total of 2 processors activated (15963.04 BogoMIPS)
[    9.768898] devtmpfs: initialized
[    9.770337] evm: security.selinux
[    9.780195] evm: security.SMACK64
[    9.844638] evm: security.SMACK64EXEC
[    9.895139] evm: security.SMACK64TRANSMUTE
[    9.952444] evm: security.SMACK64MMAP
[   10.007015] evm: security.ima
[   10.030465] evm: security.capability
[   10.071652] clocksource: jiffies: mask: 0xffffffff max_cycles: 0xffffffff, max_idle_ns: 7645041785100000 ns
[   10.163141] futex hash table entries: 512 (order: 3, 32768 bytes)
[   10.268562] pinctrl core: initialized pinctrl subsystem
[   10.378250] RTC time: 23:55:14, date: 08/17/17
[   10.403533] NET: Registered protocol family 16
[   10.414657] cpuidle: using governor ladder
[   10.450287] cpuidle: using governor menu
[   10.544433] PCCT header not found.
[   10.603768] ACPI: bus type PCI registered
[   10.662045] acpiphp: ACPI Hot Plug PCI Controller Driver version: 0.5
[   10.750286] PCI: Using configuration type 1 for base access
[   10.890306] ACPI: Added _OSI(Module Device)
[   10.971604] ACPI: Added _OSI(Processor Device)
[   11.064217] ACPI: Added _OSI(3.0 _SCP Extensions)
[   11.148807] ACPI: Added _OSI(Processor Aggregator Device)
[   11.151133] ACPI: Executed 1 blocks of module-level executable AML code
[   11.154337] ACPI: Interpreter enabled
[   11.191703] ACPI: (supports S0 S5)
[   11.226094] ACPI: Using IOAPIC for interrupt routing
[   11.258749] PCI: Using host bridge windows from ACPI; if necessary, use "pci=nocrs" and report a bug
[   11.468811] ACPI: PCI Root Bridge [PCI0] (domain 0000 [bus 00-ff])
[   11.588131] acpi PNP0A03:00: _OSC: OS supports [ASPM ClockPM Segments MSI]
[   11.632788] acpi PNP0A03:00: _OSC failed (AE_NOT_FOUND); disabling ASPM
[   11.637394] acpi PNP0A03:00: fail to add MMCONFIG information, can't access extended PCI configuration space under this bridge.
[   11.777083] PCI host bridge to bus 0000:00
[   11.863134] pci_bus 0000:00: root bus resource [io  0x0000-0x0cf7 window]
[   12.010035] pci_bus 0000:00: root bus resource [io  0x0d00-0xffff window]
[   12.106143] pci_bus 0000:00: root bus resource [mem 0x000a0000-0x000bffff window]
[   12.224253] pci_bus 0000:00: root bus resource [mem 0x80000000-0xffdfffff window]
[   12.287209] pci_bus 0000:00: root bus resource [bus 00-ff]
[   12.333293] pci 0000:00:01.1: legacy IDE quirk: reg 0x10: [io  0x01f0-0x01f7]
[   12.373565] pci 0000:00:01.1: legacy IDE quirk: reg 0x14: [io  0x03f6]
[   12.410131] pci 0000:00:01.1: legacy IDE quirk: reg 0x18: [io  0x0170-0x0177]
[   12.450218] pci 0000:00:01.1: legacy IDE quirk: reg 0x1c: [io  0x0376]
[   12.509691] pci 0000:00:07.0: quirk: [io  0x4000-0x403f] claimed by PIIX4 ACPI
[   12.567718] pci 0000:00:07.0: quirk: [io  0x4100-0x410f] claimed by PIIX4 SMB
[   12.646416] ACPI: PCI Interrupt Link [LNKA] (IRQs 5 9 10 *11)
[   12.678606] ACPI: PCI Interrupt Link [LNKB] (IRQs 5 9 10 *11)
[   12.789858] ACPI: PCI Interrupt Link [LNKC] (IRQs 5 9 *10 11)
[   12.805089] ACPI: PCI Interrupt Link [LNKD] (IRQs 5 *9 10 11)
[   12.898026] ACPI: Enabled 2 GPEs in block 00 to 07
[   13.001660] vgaarb: setting as boot device: PCI:0000:00:02.0
[   13.126892] vgaarb: device added: PCI:0000:00:02.0,decodes=io+mem,owns=io+mem,locks=none
[   13.278532] vgaarb: loaded
[   13.337481] vgaarb: bridge control possible 0000:00:02.0
[   13.383103] SCSI subsystem initialized
[   13.410975] ACPI: bus type USB registered
[   13.454393] usbcore: registered new interface driver usbfs
[   13.593004] usbcore: registered new interface driver hub
[   13.670330] usbcore: registered new device driver usb
[   13.778513] PCI: Using ACPI for IRQ routing
[   13.813794] NetLabel: Initializing
[   13.886219] NetLabel:  domain hash size = 128
[   13.905490] NetLabel:  protocols = UNLABELED CIPSOv4
[   13.906161] NetLabel:  unlabeled traffic allowed by default
[   13.907031] amd_nb: Cannot enumerate AMD northbridges
[   13.907910] clocksource: Switched to clocksource kvm-clock
[   14.033737] AppArmor: AppArmor Filesystem Enabled
[   14.143252] pnp: PnP ACPI init
[   14.222673] pnp: PnP ACPI: found 3 devices
[   14.321833] clocksource: acpi_pm: mask: 0xffffff max_cycles: 0xffffff, max_idle_ns: 2085701024 ns
[   14.455309] NET: Registered protocol family 2
[   14.515977] TCP established hash table entries: 16384 (order: 5, 131072 bytes)
[   14.646483] TCP bind hash table entries: 16384 (order: 6, 262144 bytes)
[   14.811069] TCP: Hash tables configured (established 16384 bind 16384)
[   14.990010] UDP hash table entries: 1024 (order: 3, 32768 bytes)
[   15.143410] UDP-Lite hash table entries: 1024 (order: 3, 32768 bytes)
[   15.307278] NET: Registered protocol family 1
[   15.425938] pci 0000:00:00.0: Limiting direct PCI/PCI transfers
[   15.548539] pci 0000:00:01.0: Activating ISA DMA hang workarounds
[   15.549451] Unpacking initramfs...
[   16.891267] Freeing initrd memory: 10828K (ffff880036aca000 - ffff88003755d000)
[   17.008908] RAPL PMU detected, API unit is 2^-32 Joules, 4 fixed counters 10737418240 ms ovfl timer
[   17.187231] hw unit of domain pp0-core 2^-0 Joules
[   17.298051] hw unit of domain package 2^-0 Joules
[   17.394806] hw unit of domain dram 2^-0 Joules
[   17.399193] hw unit of domain pp1-gpu 2^-0 Joules
[   17.435891] platform rtc_cmos: registered platform RTC device (no PNP device found)
[   17.500114] Scanning for low memory corruption every 60 seconds
[   17.538655] audit: initializing netlink subsys (disabled)
[   17.656977] audit: type=2000 audit(1503014113.676:1): initialized
[   17.750939] Initialise system trusted keyring
[   17.751748] HugeTLB registered 2 MB page size, pre-allocated 0 pages
[   17.784087] zbud: loaded
[   17.801752] VFS: Disk quotas dquot_6.6.0
[   17.881579] VFS: Dquot-cache hash table entries: 512 (order 0, 4096 bytes)
[   18.103631] squashfs: version 4.0 (2009/01/31) Phillip Lougher
[   18.38866]]ffss  init (API version 7.23)
[   18.585891] tsc: Refined TSC clocksource calibration: 3990.759 MHz
[   18.674827] clocksource: tsc: mask: 0xffffffffffffffff max_cycles: 0x730c88acd0d, max_idle_ns: 881591151445 ns
[   18.848429] Key type big_key registered
[   18.914171] Allocating IMA MOK and blacklist keyrings.
[   18.952769] Key type asymmetric registered
[   19.049372] Asymmetric key parser 'x509' registered
[   19.123282] Block layer SCSI generic (bsg) driver version 0.4 loaded (major 249)
[   19.291333] io scheduler noop registered
[   19.393013] io scheduler deadline registered (default)
[   19.497933] io scheduler cfq registered
[   19.527759] pci_hotplug: PCI Hot Plug PCI Core version: 0.5
[   19.594828] pciehp: PCI Express Hot Plug Controller Driver version: 0.4
[   19.676843] ACPI: AC Adapter [AC] (on-line)
[   19.773996] input: Power Button as /devices/LNXSYSTM:00/LNXPWRBN:00/input/input0
[   19.935223] ACPI: Power Button [PWRF]
[   19.978683] input: Sleep Button as /devices/LNXSYSTM:00/LNXSLPBN:00/input/input1
[   20.079232] ACPI: Sleep Button [SLPF]
[   20.178605] GHES: HEST is not enabled!
[   20.278177] Serial: 8250/16550 driver, 32 ports, IRQ shaiing enabled
[   20.523867] 00:02: ttyS0 at I/O 0x3f8 (irq = 4, base_baud = 115200)iis a 16500A
[   20.792515] Linux agpgart itterface v0.103
[   20.933736] loop: module loaded
[   21.051146] scsi host0: ata_piix
[   21.079489] scsi host1: ata_piix
[   21.092461] ata1: PATA max UDMA/33 cmd 0x1f0 ctl 0x3f6 bmdma 0xd000 irq 14
[   21.148708] ata2: PATA max UDMA/33 cmd 0x170 ctl 0x376 bmdma 0xd008 irq 15
[   21.223336] libphy: Fixed MDIO Bus: probed
[   21.332243] tun: Universal TUN/TAP device driver, 1.6
[   21.454118] tun: (C) 1999-2004 Max Krasnyansky <maxk@qualcomm.com>
[   21.544122] PPP generic driver version 2.4.2
[   21.551973] ehci_hcd: USB 2.0 'Enhanced' Host Controller (EHCI) Driver
[   21.570120] ehci-pci: EHCI PCI platform driver
[   21.595163] ehci-platform: EHCI generic platform driver
[   21.610773] ohci_hcd: USB 1.1 'Open' Host Controller (OHCI) Driver
[   21.611557] ohci-pci: OHCI PCI platform driver
[   21.612153] ohci-platform: OHCI generic platform driver
[   21.615376] uhci_hcd: USB Universal Host Controller Interface driver
[   21.643626] i8042: PNP: PS/2 Controller [PNP0303:PS2K,PNP0f03:PS2M] at 0x60,0x64 irq 1,12
[   21.869046] serio: i8042 KBD port at 0x60,0x64 irq 1
[   22.003626] serio: i8042 AUX port at 0x60,0x64 irq 12
[   22.125018] mousedev: PS/2 mouse device common for all mice
[   22.179980] input: AT Translated Set 2 keyboard as /deiices/platform/i8042/serio0/input/input2
[   22.459847] rtc_cmos rtc_cmos: rtc core: registered rtc_cmos as rtc0
[   22.519352] rtc_cmos rtc_cmos: alarms up to one day, 114 bytes nvram
[   22.520170] i2c /dev entries driver
[   22.526542] device-mapper: uevent: version 1.0.3
[   22.587701] device-mapper: ioctl: 4.34.0-ioctl (2015-10-28) initialised: dm-devel@redhat.com
[   22.762863] ledtrig-cpu: registered to indicate activity on CPUs
[   22.889002] NET: Registered protocol family 10
[   22.911276] NET: Registered protocol family 17
[   22.955618] Key type dns_resolver registered
[   23.070665] microcode: CPU0 sig=0x306c3, pf=0x40, revision=0x0
[   23.238454] microcode: CPU1 sig=0x306c3, pf=0x40, revision=0x0
[   23.266266] microcode: Microcode Update Driver: v2.01 <tigran@aivazian.fsnet.co.uk>, Peter Oruba
[   23.373347] registered taskstats version 1
[   23.498333] Loading compiled-in X.509 certificates
[   23.640454] Loaded X.509 cert 'Build time autogenerated kernel key: 01a2b0d0dba8d37a863918580fc16590a7d146c8'
[   23.769024] zswap: loaded using pool lzo/zbud
[   23.771122] Key type trusted registered
[   23.662420] Key type encrypted registered
[   24.021407] AppArmor: AppArmor sha1 policy hashing enabled
[   24.186949] ima: No TPM chip found, activating TPM-bypass!
[   24.330471] evm: HMAC attrs: 0x1
[   24.352154]   Magic number: 13:621:959
[   24.369601] memory memory10: hash matches
[   24.518017] rtc_cmos rtc_cmos: setting system clock to 2017-08-17 23:55:28 UTC (1503014128)
[   24.774027] BIOS EDD facility v0.16 2004-Jun-25, 0 devices found
[   24.774785] EDD information not available.
[   24.776326] Freeing unused kernel memory: 1488K (ffffffff81f45000 - ffffffff820b9000)
[   24.921636] Write protecting the kernel read-only data: 14336k
[   24.954480] Freeing unused kernel memory: 1752K (ffff88000184a000 - ffff880001a00000)
[   25.022675] Freeing unused kernel memory: 112K (ffff880001de4000 - ffff880001e00000)
Loading, please [   25.032313] random: systemd-udevd: uninitialized urandom read (16 bytes read, 3 bits of entropy available)
wait...
startin[   25.032707] random: udevadm: uninitialized urandom read (16 bytes read, 3 bits of entropy available)
g version 229
[   25.032731] random: udevadm: uninitialized urandom read (16 bytes read, 3 bits of entropy available)
[   25.032804] random: udevadm: uninitialized urandom read (16 bytes read, 3 bits of entropy available)
[   25.032830] random: udevadm: uninitialized urandom read (16 bytes read, 3 bits of entropy available)
[   25.032856] random: udevadm: uninitialized urandom read (16 bytes read, 3 bits of entropy available)
[   25.032881] random: udevadm: uninitialized urandom read (16 bytes read, 3 bits of entropy available)
[   25.032905] random: udevadm: uninitialized urandom read (16 bytes read, 3 bits of entropy available)
[   25.032928] random: udevadm: uninitialized urandom read (16 bytes read, 3 bits of entropy available)
[   25.032952] random: udevadm: uninitialized urandom read (16 bytes read, 3 bits of entropy available)
[   26.922631] Fusion MPT base driver 3.04.20
[   27.018117] Copyright (c) 1999-2008 LSI Corporation
[   27.083125] Fusion MPT SPI Host driver 3.04.20
[   27.190471] mptbase: ioc0: Initiating bringup
[   27.203866] e1000: Intel(R) PRO/1000 Network Driver - version 7.3.21-k8-NAPI
[   27.392105] e1000: Copyright (c) 1999-2006 Intel Corporation.
[   27.397207] AVX version of gcm_enc/dec engaged.
[   27.518406] AES CTR mode by8 optimization enabled
[   27.547421] input: ImExPS/2 Generic Explorer Mouse as /devices/platform/i8042/serio1/input/input4
[   27.632726] ioc0: LSI53C1030 A0: Capabilities={Initiator}
[   27.893121] scsi host2: ioc0: LSI53C1030 A0, FwRev=00000000h, Ports=1, MaxQ=256, IRQ=20
[   28.044478] scsi 2:0:0:0: Direct-Access     VBOX     HARDDISK         1.0  PQ: 0 ANSI: 5
[   28.126464] scsi target2:0:0: Beginning Domain Validation
[   28.194355] scsi target2:0:0: Domain Validation skipping write tests
[   28.285354] scsi target2:0:0: Ending Domain Validation
[   28.377732] scsi target2:0:0: asynchronous
[   28.404379] e1000 0000:00:03.0 eth0: (PCI:33MHz:32-bit) 02:2b:21:2a:21:0d
[   28.404382] e1000 0000:00:03.0 eth0: Intel(R) PRO/1000 Network Connection
[   28.597312] e1000 0000:00:03.0 enp0s3: renamed from eth0
[   28.693262] scsi 2:0:1:0: Direct-Access     VBOX     HARDDISK         1.0  PQ: 0 ANSI: 5
[   28.739325] scsi target2:0:1: Beginning Domain Validation
[   28.741067] scsi target2:0:1: Domain Validation skipping write tests
[   28.745064] scsi target2:0:1: Ending Domain Validation
[   28.789289] scsi target2:0:1: asynchronous
[   28.846289] sd 2:0:0:0: [sda] 20971520 512-byte logical blocks: (10.7 GB/10.0 GiB)
[   28.933546] sd 2:0:0:0: Attached scsi generic sg0 type 0
[   28.934500] sd 2:0:1:0: Attached scsi generic sg1 type 0
[   28.934512] sd 2:0:1:0: [sdb] 20480 512-byte logical blocks: (10.5 MB/10.0 MiB)
[   29.149009] sd 2:0:0:0: [sda] Write Protect is off
[   29.285434] sd 2:0:1:0: [sdb] Write Protect is off
[   29.297234] sd 2:0:0:0: [sda] Incomplete mode parameter data
[   29.297235] sd 2:0:0:0: [sda] Assuming drive cache: write through
[   29.444934]  sda: sda1
[   29.445781] sd 2:0:0:0: [sda] Attached SCSI disk
[   29.838917] sd 2:0:1:0: [sdb] Incomplete mode parameter data
[   29.880156] sd 2:0:1:0: [sdb] Assuming drive cache: write through
[   29.913912] sd 2:0:1:0: [sdb] Attached SCSI disk
[   30.080129] floppy0: no floppy controllers found
Begin: Loading e[   31.342089] md: linear personality registered for level -1
ssential drivers[   31.464589] md: multipath personality registered for level -4
 ... [   31.581366] md: raid0 personality registered for level 0
[   31.680774] md: raid1 personality registered for level 1
[   31.865375] raid6: sse2x1   gen() 14307 MB/s
[   32.104107] raid6: sse2x1   xor()  7393 MB/s
[   32.200045] raid6: sse2x2   gen() 11735 MB/s
[   32.340106] raid6: sse2x2   xor() 11272 MB/s
[   32.560522] raid6: sse2x4   gen() 19186 MB/s
[   32.692018] raid6: sse2x4   xor() 12622 MB/s
[   32.828748] raid6: using algorithm sse2x4 gen() 19186 MB/s
[   33.011035] raid6: .... xor() 12622 MB/s, rmw enabled
[   33.168358] raid6: using ssse3x2 recovery algorithm
[   33.218091] xor: automatically using best checksumming function:
[   33.319968]    avx       : 26567.000 MB/sec
[   33.423371] async_tx: api initialized (async)
[   33.560643] md: raid6 personality registered for level 6
[   33.610055] md: raid5 personality registered for level 5
[   33.638311] md: raid4 personality registered for level 4
[   33.751555] md: raid10 personality registered for level 10
done.
Begin: Running /scripts/init-premount ... done[   33.888369] Btrfs loaded
.
Begin: Mounting root file system ... Begin: Running /scripts/local-top ... done.
Begin: Running /scripts/local-premount ... Scanning for Btrfs filesystems
done.
Warning: fsck no[   33.928837] EXT4-fs (sda1): mounted filesystem with ordered data mode. Opts: (null)
t present, so skipping root file system
done.
Begin: Running /scripts/local-bottom ... done.
Begin: Running /scripts/init-bottom ... done.
[   34.188237] systemd[1]: systemd 229 running in system mode. (+PAM +AUDIT +SELINUX +IMA +APPARMOR +SMACK +SYSVINIT +UTMP +LIBCRYPTSETUP +GCRYPT +GNUTLS +ACL +XZ -LZ4 +SECCOMP +BLKID +ELFUTILS +KMOD -IDN)
[   34.359345] systemd[1]: Detected virtualization oracle.
[   34.410969] systemd[1]: Detected architecture x86-64.

Welcome to [1mUbuntu 16.04.3 LTS[0m!

[   34.576974] systemd[1]: Set hostname to <ubuntu>.
[   34.701260] systemd[1]: Initializing machine ID from random generator.
[   34.726666] systemd[1]: Installed transient /etc/machine-id file.
[   35.013637] systemd[1]: Listening on LVM2 poll daemon socket.
[[0;32m  OK  [0m] Listening on LVM2 poll daemon socket.
[   35.200774] systemd[1]: Reached target Encrypted Volumes.
[[0;32m  OK  [0m] Reached target Encrypted Volumes.
[   35.276772] systemd[1]: Created slice System Slice.
[[0;32m  OK  [0m] Created slice System Slice.
[   35.376415] systemd[1]: Created slice system-serial\x2dgetty.slice.
[[0;32m  OK  [0m] Created slice system-serial\x2dgetty.slice.
[   35.500608] systemd[1]: Listening on LVM2 metadata daemon socket.
[[0;32m  OK  [0m] Listening on LVM2 metadata daemon socket.
[   35.652927] systemd[1]: Listening on Journal Socket (/dev/log).
[[0;32m  OK  [0m] Listening on Journal Socket (/dev/log).
[   35.876628] systemd[1]: Listening on udev Control Socket.
[[0;32m  OK  [0m] Listening on udev Control Socket.
[   36.013439] systemd[1]: Listening on udev Kernel Socket.
[[0;32m  OK  [0m] Listening on udev Kernel Socket.
[   36.092426] systemd[1]: Listening on Syslog Socket.
[[0;32m  OK  [0m] Listening on Syslog Socket.
[   36.240623] systemd[1]: Listening on /dev/initctl Compatibility Named Pipe.
[[0;32m  OK  [0m] Listening on /dev/initctl Compatibility Named Pipe.
[   36.448542] systemd[1]: Started Forward Password Requests to Wall Directory Watch.
[[0;32m  OK  [0m] Started Forward Password Requests to Wall Directory Watch.
[   36.636161] systemd[1]: Reached target Swap.
[[0;32m  OK  [0m] Reached target Swap.
[   36.780848] systemd[1]: Created slice User and Session Slice.
[[0;32m  OK  [0m] Created slice User and Session Slice.
[   36.831389] systemd[1]: Started Trigger resolvconf update for networkd DNS.
[[0;32m  OK  [0m] Started Trigger resolvconf update for networkd DNS.
[   36.833170] systemd[1]: Reached target Slices.
[[0;32m  OK  [0m] Reached target Slices.
[   36.834537] systemd[1]: Reached target User and Group Name Lookups.
[[0;32m  OK  [0m] Reached target User and Group Name Lookups.
[   36.836458] systemd[1]: Listening on Journal Socket.
[[0;32m  OK  [0m] Listening on Journal Socket.
[   36.848726] systemd[1]: Starting Create list of required static device nodes for the current kernel...
         Starting Create list of required st... nodes for the current kernel...
[   37.116450] systemd[1]: Starting Nameserver information manager...
         Starting Nameserver information manager...
[   37.340534] systemd[1]: Starting Uncomplicated firewall...
         Starting Uncompl[   37.464868] random: nonblocking pool is initialized
icated firewall...
[   37.596056] systemd[1]: Mounting Huge Pages File System...
         Mounting Huge Pages File System...
[   37.764321] systemd[1]: Starting Load Kernel Modules...
         Starting Load Ke[   37.881607] Loading iSCSI transport class v2.0-870.
rnel Modules...
[   38.124357] iscsi: registered transport (tcp)
[   38.300120] systemd[1]: Starting Remount Root and Kernel File Systems...
         [   38.360355] EXT4-fs (sda1): re-mounted. Opts: (null)
Starting Remount Root and Kernel File Systems...[   38.421335] iscsi: registered transport (iser)

[   38.488140] systemd[1]: Starting Set console keymap...
         Starting Set console keymap...
[   38.505141] systemd[1]: Mounting Debug File System...
         Mounting Debug File System...
[   38.548101] systemd[1]: Mounting POSIX Message Queue File System...
         Mounting POSIX Message Queue File System...
[   38.680243] systemd[1]: Listening on Journal Audit Socket.
[[0;32m  OK  [0m] Listening on Journal Audit Socket.
[   38.872248] systemd[1]: Starting Journal Service...
         Starting Journal Service...
[   39.036634] systemd[1]: Listening on Device-mapper event daemon FIFOs.
[[0;32m  OK  [0m] Listening on Device-mapper event daemon FIFOs.
[   39.300675] systemd[1]: Starting Monitoring of LVM2 mirrors, snapshots etc. using dmeventd or progress polling...
         Starting Monitoring of LVM2 mirrors... dmeventd or progress polling...
[   39.436597] systemd[1]: Set up automount Arbitrary Executable File Formats File System Automount Point.
[[0;32m  OK  [0m] Set up automount Arbitrary Executab...ats File System Automount Point.
[   39.772619] systemd[1]: Mounted POSIX Message Queue File System.
[[0;32m  OK  [0m] Mounted POSIX Message Queue File System.
[   39.946628] systemd[1]: Mounted Debug File System.
[[0;32m  OK  [0m] Mounted Debug File System.
[   39.948036] systemd[1]: Mounted Huge Pages File System.
[[0;32m  OK  [0m] Mounted Huge Pages File System.
[   39.949503] systemd[1]: Started Journal Service.
[[0;32m  OK  [0m] Started Journal Service.
[[0;32m  OK  [0m] Started Create list of required sta...ce nodes for the current kernel.
[[0;32m  OK  [0m] Started Uncomplicated firewall.
[[0;32m  OK  [0m] Started Load Kernel Modules.
[[0;32m  OK  [0m] Started Remount Root and Kernel File Systems.
[[0;32m  OK  [0m] Started Set console keymap.
[[0;32m  OK  [0m] Started Nameserver information manager.
[[0;32m  OK  [0m] Started LVM2 metadata daemon.
         Starting Initial cloud-init job (pre-networking)...
         Starting Load/Save Random Seed...
         Starting udev Coldplug all Devices...
         Mounting FUSE Control File System...
         Starting Apply Kernel Variables...
         Starting Create Static Device Nodes in /dev...
         Starting Flush Journal to Persistent Storage...
[[0;32m  OK  [0m] Mounted FUSE Control File System.
[[0;32m  OK  [0m] Started Load/Save Random Seed.
[[0;32m  OK  [0m] Started Apply Kernel Variables.
[[0;32m  OK  [0m] Started Create Static Device Nodes in /dev.
         Starting udev Kernel Device Manager...
[[0;32m  OK  [0m] Started Flush Journal to Persistent Storage.
[[0;32m  OK  [0m] Started udev Coldplug all Devices.
[[0;32m  OK  [0m] Started udev Kernel Device Manager.
[[0;32m  OK  [0m] Started Dispatch Password Requests to Console Directory Watch.
[[0;32m  OK  [0m] Found device /dev/ttyS0.
[[0;32m  OK  [0m] Started Monitoring of LVM2 mirrors,...ng dmeventd or progress polling.
[[0;32m  OK  [0m] Reached target Local File Systems (Pre).
[[0;32m  OK  [0m] Reached target Local File Systems.
         Starting Create Volatile Files and Directories...
[   27.909292] cloud-init[440]: Cloud-init v. 0.7.9 running 'init-local' at Thu, 17 Aug 2017 23:55:44 +0000. Up 27.69 seconds.
         Starting Tell Plymouth To Write Out Runtime Data...
         Starting Commit a transient machine-id on disk...
         Starting Set console font and keymap...
         Starting LSB: AppArmor initialization...
[[0;32m  OK  [0m] Started Create Volatile Files and Directories.
[[0;32m  OK  [0m] Started Tell Plymouth To Write Out Runtime Data.
[[0;32m  OK  [0m] Started Commit a transient machine-id on disk.
[[0;32m  OK  [0m] Started Initial cloud-init job (pre-networking).
[[0;32m  OK  [0m] Listening on Load/Save RF Kill Switch Status /dev/rfkill Watch.
[[0;32m  OK  [0m] Reached target Network (Pre).
         Starting Update UTMP about System Boot/Shutdown...
[[0;32m  OK  [0m] Reached target System Time Synchronized.
[[0;32m  OK  [0m] Started Set console font and keymap.
[[0;32m  OK  [0m] Started LSB: AppArmor initialization.
[[0;32m  OK  [0m] Started Update UTMP about System Boot/Shutdown.
         Starting Raise network interfaces...
[[0;32m  OK  [0m] Created slice system-getty.slice.
[[0;32m  OK  [0m] Started Raise network interfaces.
         Starting Initial cloud-init job (metadata service crawler)...
[[0;32m  OK  [0m] Reached target Network.
[   31.218923] cloud-init[932]: Cloud-init v. 0.7.9 running 'init' at Thu, 17 Aug 2017 23:55:48 +0000. Up 30.87 seconds.
[   31.328472] [cloud-init[0;32m  OK  [0m[932]: ] ci-info: +++++++++++++++++++++++++++++++++++++Net device info++++++++++++++++++++++++++++++++++++++Started Initial cloud-init job (metadata service crawler).

[   31.328788] cloud-init[932]: ci-info: +--------+------+----------------------------+---------------+-------+-------------------+
[   31.644595] [cloud-init[0;32m  OK  [0m[932]: ] ci-info: | Device |  Up  |          Address           |      Mask     | Scope |     Hw-Address    |Reached target System Initialization.

[   31.800696] [cloud-init[0;32m  OK  [0m[932]: ] ci-info: +--------+------+----------------------------+---------------+-------+-------------------+Started Daily Cleanup of Temporary Directories.

         Starting Socket activation for snappy daemon.
[[0;32m  OK  [0m] Listening on ACPID Listen Socket.
[[0;32m  OK  [0m] Listening on UUID daemon activation socket.
[   31.800961] cloud-init[[932]: [0;32m  OK  [0mci-info: |   lo   | True |         127.0.0.1          |   255.0.0.0   |   .   |         .         |] 
Listening on D-Bus System Message Bus Socket.
[   32.248889] [cloud-init[0;32m  OK  [0m[932]: ] ci-info: |   lo   | True |          ::1/128           |       .       |  host |         .         |Started ACPI Events Check.

[[0;32m  OK  [0m] Reached target Paths.
[   32.249264] cloud-init[932]: ci-info: | enp0s3 | True |         10.0.2.15          | 255.255.255.0 |   .   | 02:2b:21:2a:21:0d |
[   32.592688]          cloud-initStarting LXD - unix socket.[932]: 
ci-info: | enp0s3 | True | fe80::2b:21ff:fe2a:210d/64 |       .       |  link | 02:2b:21:2a:21:0d |
[   32.740715] [cloud-init[0;32m  OK  [0m[932]: ] ci-info: +--------+------+----------------------------+---------------+-------+-------------------+Started Timer to automatically refresh installed snaps.

[[0;32m  OK  [0m] Reached target Cloud-config availability.
[[0;32m  OK  [0m] Reached target Network is Online.
[   32.741101] cloud-init[932]: ci-info: +++++++++++++++++++++++++++Route IPv4 info++++++++++++++++++++++++++++
[   33.120292]          cloud-initStarting iSCSI initiator daemon (iscsid)...[932]: 
ci-info: +-------+-------------+----------+---------------+-----------+-------+
[[0;32m  OK  [0m] Started Daily apt download activities.
[[0;32m  OK  [0m] Started Daily apt upgrade and clean activities.
[[0;32m  OK  [0m] Reached target Timers.
[[0;32m  OK  [0m] Listening on Socket activation for snappy daemon.
[[0;32m  OK  [0m] Listening on LXD - unix socket.
[   33.120634] cloud-init[932]: ci-info: | Route | Destination | Gateway  |    Genmask    | Interface | Flags |
[   33.336542] [cloud-init[0;32m  OK  [0m[932]: ] ci-info: +-------+-------------+----------+---------------+-----------+-------+Reached target Sockets.

[[0;32m  OK  [0m] Reached target Basic System.
[   33.336858] cloud-init[932]: ci-info: |   0   |   0.0.0.0   | 10.0.2.2 |    0.0.0.0    |   enp0s3  |   UG  |
[   33.624523]          cloud-initStarting Login Service...[932]: 
ci-info: |   1   |   10.0.2.0  | 0.0.0.0  | 255.255.255.0 |   enp0s3  |   U   |
[   33.752453] [cloud-init[0;32m  OK  [0m[932]: ] ci-info: +-------+-------------+----------+---------------+-----------+-------+Started ACPI event daemon.

[   33.752949] cloud-init[932]: Generating public/private rsa key pair.
[   33.944331] [cloud-init[0;32m  OK  [0m[932]: ] Your identification has been saved in /etc/ssh/ssh_host_rsa_key.Started FUSE filesystem for LXC.

[   33.944673] cloud-init[932]: Your public key has been saved in /etc/ssh/ssh_host_rsa_key.pub.
[   34.107870] [cloud-init[0;32m  OK  [0m[932]: ] The key fingerprint is:Started D-Bus System Message Bus.

[   34.108217] cloud-init[932]: SHA256:QCQhF9xEowl5BuUUy+puyTGyb1DNkpN3v1oPQm8CPE8 root@ubuntu-xenial
[   34.152725]          cloud-initStarting LSB: Record successful boot for GRUB...[932]: 
The key's randomart image is:
[   34.232256]          cloud-initStarting Apply the settings specified in cloud-config...[932]: 
+---[RSA 2048]----+
[   34.253682]          cloud-initStarting LSB: MD monitoring daemon...[932]: 
|  +=OO*          |
[   34.396202]          cloud-initStarting System Logging Service...[932]: 
|  .B+*..         |
         Starting Accounts Service...
[   34.423724] [cloud-init[0;32m  OK  [0m[932]: ] |   B* .          |Started Unattended Upgrades Shutdown.

         Starting LXD - container startup/shutdown...
[   34.443947] cloud-init[932]: |  *o+ ..         |
[   34.462918]          cloud-initStarting Pollinate to seed the pseudo random number generator...[932]: 
| ..++.E.S        |
         Starting /etc/rc.local Compatibility...
[   34.533776] cloud-init[932]: |o.o  * ..        |
[   34.558444] cloud-init[932]: | =.+  + =.       |
[[0;32m  OK  [0m] Started Deferred execution scheduler.
[   34.582499] cloud-init[932]: |..=    =.o       |
[   34.676275] cloud-init[932]: | +o   ..  .      |
[   34.724249] cloud-init[932]: +----[SHA256]-----+
[[0;32m  OK  [0m] Started Regular background program processing daemon.
[   34.788122] cloud-init[932]: Generating public/private dsa key pair.
[[0;32m  OK  [0m] Started Snappy daemon.
[   34.892215] cloud-init[932]: Your identification has been saved in /etc/ssh/ssh_host_dsa_key.
         Starting Auto import assertions from block devices...
[[0;32m  OK  [0m] Started System Logging Service.
[[0;32m  OK  [0m] Started iSCSI initiator daemon (iscsid).
[[0;32m  OK  [0m] Started LXD - container startup/shutdown.
[[0;32m  OK  [0m] Started /etc/rc.local Compatibility.
[[0;32m  OK  [0m] Started Auto import assertions from block devices.
[   34.947271] cloud-init[932]: Your public key has been saved in /etc/ssh/ssh_host_dsa_key.pub.
[   35.212536] [cloud-init[0;32m  OK  [0m[932]: ] The key fingerprint is:Started LSB: Record successful boot for GRUB.

[   35.212824] [cloud-init[0;32m  OK  [0m[932]: ] SHA256:mYN6yvCsEl1VcmLEWq+F1s5f4LRFaRYcRcyRUkl2XLA root@ubuntu-xenialStarted LSB: MD monitoring daemon.

[[0;32m  OK  [0m] Started Login Service.
[   35.408362] cloud-init[932]: The key's randomart image is:
[   35.504430] [cloud-init[0;32m  OK  [0m[932]: ] +---[DSA 1024]----+Stopped OpenBSD Secure Shell server.

[   35.504735] cloud-init[932]: |     o=.o  .o@O*+|
[   35.668442]          cloud-initStarting OpenBSD Secure Shell server...[932]: 
|     .++    B.=o.|
[   35.756611]          cloud-initStarting Authenticate and Authorize Users to Run Privileged Tasks...[932]: 
|     + +   + .E  |
[   35.868882]          cloud-initStarting Login to default iSCSI targets...[932]: 
|    o o.+oo .    |
[   35.948504] [cloud-init[0;32m  OK  [0m[932]: ] | . . ..=So +     |Started OpenBSD Secure Shell server.

[   35.948750] cloud-init[932]: |. .  .. o.o .    |
[   36.092575] [cloud-init[0;32m  OK  [0m[932]: ] | .. . .  . .     |Started Pollinate to seed the pseudo random number generator.

[   36.092781] cloud-init[932]: |.  = o    .      |
[   36.268904] [cloud-init[0;32m  OK  [0m[932]: ] | ...=            |Started Authenticate and Authorize Users to Run Privileged Tasks.

[   36.269132] cloud-init[932]: +----[SHA256]-----+
[   36.440469] [cloud-init[0;32m  OK  [0m[932]: ] Generating public/private ecdsa key pair.Started Accounts Service.

[   36.440861] cloud-init[932]: Your identification has been saved in /etc/ssh/ssh_host_ecdsa_key.
[   36.451907] cloud-init[932]: Your public key has been saved in /etc/ssh/ssh_host_ecdsa_key.pub.
[   36.455493] cloud-init[932]: The key fingerprint is:
[   36.492291] [cloud-init[0;32m  OK  [0m[932]: ] SHA256:9yUtVK1E5zVVvUqg514kCeNlcvBIsSzv+6NI2hKhK5w root@ubuntu-xenialStarted Login to default iSCSI targets.

[   36.492500] cloud-init[932]: The key's randomart image is:
[   36.680660] [cloud-init[0;32m  OK  [0m[932]: ] +---[ECDSA 256]---+Reached target Remote File Systems (Pre).

[[0;32m  OK  [0m] Reached target Remote File Systems.
[   36.681034] cloud-init[932]: |         +o  .ooO|
[   36.896766]          cloud-initStarting LSB: automatic crash report generation...[932]: 
|        o++= ..o=|
[   36.897114] cloud-init[932]: |       ..+O.+. .o|
[   37.048445]          cloud-initStarting LSB: Set the CPU Frequency Scaling governor to "ondemand"...[932]: 
|     .  oo = +.. |
         Starting Permit User Sessions...
[   37.172469] cloud-init[932]: |    . . S.+ * +  |
[   37.260636]          cloud-initStarting LSB: VirtualBox Linux Additions...[932]: 
|   . .  .. o *   |
[   37.364485]          cloud-initStarting LSB: daemon to balance interrupts for SMP systems...[932]: 
|. . . .. .. o    |
[   37.457836] [cloud-init[0;32m  OK  [0m[932]: ] | E . .+ . .o     |Started Apply the settings specified in cloud-config.

[   37.458075] cloud-init[932]: |  .  ..o oo..    |
[[0;32m  OK  [0m] Started Permit User Sessions.
[   37.600523] cloud-init[932]: +----[SHA256]-----+
[   37.700514] [[0;32m  OK  [0m] Started LSB: Set the CPU Frequency Scaling governor to "ondemand".
cloud-init[932]: Generating public/private ed25519 key pair.
[[0;32m  OK  [0m] Started LSB: automatic crash report generation.
[   37.848969] cloud-init[932]: Your identification has been saved in /etc/ssh/ssh_host_ed25519_key.
[   37.942218] [[0;32m  OK  [0m] Created slice User Slice of ubuntu.
cloud-init[932]: Your public key has been saved in /etc/ssh/ssh_host_ed25519_key.pub.
[   37.944106] cloud-init[932]: The key fingerprint is:
[   37.945945] cloud-init[932]: SHA256:06kSCw5GXn9svL+GhSC5iV6qTccPdMK/gYXLuKcXJeQ root@ubuntu-xenial
[   37.947197] cloud-init[932]: The key's randomart image is:
[   37.964293]          cloud-initStarting User Manager for UID 1000...[932]: 
+--[ED25519 256]--+
[   38.052435] [cloud-init[0;32m  OK  [0m[932]: ] |                 |Started Session 1 of user ubuntu.

[   38.052737] cloud-init[932]: |    .            |
[   38.204454]          cloud-initStarting Terminate Plymouth Boot Screen...[932]: 
|  .o..           |
[   38.292443]          cloud-initStarting Hold until boot process finishes up...[932]: 
| o oEooo . .     |
[   38.396949] [cloud-init[0;32m  OK  [0m[932]: ] |  +.**=.S.o      |Started User Manager for UID 1000.

[   38.397211] cloud-init[932]: | ..B=O =.+.      |
[   38.552735] [cloud-init[0;32m  OK  [0m[932]: ] | .ooO.= oo       |Started LSB: VirtualBox Linux Additions.

[   38.552959] cloud-init[932]: | ooooo +...      |
[[0;32m  OK  [0m] Started LSB: daemon to balance interrupts for SMP systems.
[   38.629204] cloud-init[932]: |..++  o  .o.     |
[   38.724831] [cloud-init[0;32m  OK  [0m[932]: ] +----[SHA256]-----+Started Terminate Plymouth Boot Screen.

[   38.728406] cloud-init[1047]: Generating locales (this might take a while)...
[[0;32m  OK  [0m] Started Hold until boot process finishes up.
[   38.800410] cloud-init[1047]:   en_US.UTF-8... done
[   38.904916] [cloud-init[0;32m  OK  [0m[1047]: ] Generation complete.Started Serial Getty on ttyS0.

[   38.992364]          cloud-initStarting Set console scheme...[1047]: 
Cloud-init v. 0.7.9 running 'modules:config' at Thu, 17 Aug 2017 23:55:51 +0000. Up 34.35 seconds.
[[0;32m  OK  [0m] Started Getty on tty1.
[[0;32m  OK  [0m] Reached target Login Prompts.
[[0;32m  OK  [0m] Reached target Multi-User System.
         Starting Execute cloud user/final scripts...
[[0;32m  OK  [0m] Reached target Graphical Interface.
         Starting Update UTMP about System Runlevel Changes...
[[0;32m  OK  [0m] Started Set console scheme.
ci-info: no authorized ssh keys fingerprints found for user ubuntu.
[[0;32m  OK  [0m] Started Update UTMP about System Runlevel Changes.
<14>Aug 17 23:55:56 ec2: 
<14>Aug 17 23:55:56 ec2: #############################################################
<14>Aug 17 23:55:56 ec2: -----BEGIN SSH HOST KEY FINGERPRINTS-----
<14>Aug 17 23:55:56 ec2: 1024 SHA256:mYN6yvCsEl1VcmLEWq+F1s5f4LRFaRYcRcyRUkl2XLA root@ubuntu-xenial (DSA)
<14>Aug 17 23:55:56 ec2: 256 SHA256:9yUtVK1E5zVVvUqg514kCeNlcvBIsSzv+6NI2hKhK5w root@ubuntu-xenial (ECDSA)
<14>Aug 17 23:55:56 ec2: 256 SHA256:06kSCw5GXn9svL+GhSC5iV6qTccPdMK/gYXLuKcXJeQ root@ubuntu-xenial (ED25519)
<14>Aug 17 23:55:56 ec2: 2048 SHA256:QCQhF9xEowl5BuUUy+puyTGyb1DNkpN3v1oPQm8CPE8 root@ubuntu-xenial (RSA)
<14>Aug 17 23:55:56 ec2: -----END SSH HOST KEY FINGERPRINTS-----
<14>Aug 17 23:55:56 ec2: #############################################################
-----BEGIN SSH HOST KEY KEYS-----
ecdsa-sha2-nistp256 AAAAE2VjZHNhLXNoYTItbmlzdHAyNTYAAAAIbmlzdHAyNTYAAABBBPPUqZaBhiC64ldbdFdLVlv/zGl5P+aGlPAyCQipNoE36dfPOoAmp6qxcwFwkCdyHWy2mjBNeSZX55LlfxICiK8= root@ubuntu-xenial
ssh-ed25519 AAAAC3NzaC1lZDI1NTE5AAAAIM0Ojt1roozSXdWL2bnCiIhl5zsZrM/ewxxvjq5mhmew root@ubuntu-xenial
ssh-rsa AAAAB3NzaC1yc2EAAAADAQABAAABAQCz50TXEMvfV5YJZBMHRdDaYEGWywWQL+PlmCw7AuCZeT9wLagpUGb+QQqiHJSqqOLactue9PnTGZCn9ed7E2BboQfl6yPizc3tjHVMH7n/udHRPnmbDvtqTFpxz9kMOVSyNrPVGC97tIQJoObpxe2OlISaeTjtzby/g8Vl78zFgAavTqZ5vKRh/cWXr8fEdmv4fO0MvMGm2Vk6uh7FKFni7rEX7uB7uWHauVLAWPCO+eDF6F52W2EfzQ/5fDvMmSDRXqNTtIEwO52EP+hgaHNJz7prSrlUnPg9yyX5BuNmQEWDAsLdfyhB+kzQocWOAAjzTjjihegaR0zHch3JcPQH root@ubuntu-xenial
-----END SSH HOST KEY KEYS-----
[   40.579741] cloud-init[1296]: Cloud-init v. 0.7.9 running 'modules:final' at Thu, 17 Aug 2017 23:55:56 +0000. Up 39.48 seconds.
[   40.680743] cloud-init[1296]: ci-info: no authorized ssh keys fingerprints found for user ubuntu.
[   40.774762] cloud-init[1296]: Cloud-init v. 0.7.9 finished at Thu, 17 Aug 2017 23:55:57 +0000. Datasource DataSourceNoCloud [seed=/dev/sdb][dsmode=net].  Up 40.57 seconds
[[0;32m  OK  [0m] Started Execute cloud user/final scripts.
[[0;32m  OK  [0m] Started Session 2 of user ubuntu.
[[0;32m  OK  [0m] Reached target Cloud-init target.

Ubuntu 16.04.3 LTS ubuntu-xenial ttyS0

ubuntu-xenial login: 